[debug] ----------------------------------------------------------------------
[debug] Command:      C:\Program Files (x86)\nodejs\node.exe C:\Users\danik\AppData\Roaming\npm\node_modules\firebase-tools\bin\firebase deploy
[debug] CLI Version:  3.5.0
[debug] Platform:     win32
[debug] Node Version: v6.10.1
[debug] Time:         Thu Mar 30 2017 15:46:07 GMT+0300 (Финляндия (лето))
[debug] ----------------------------------------------------------------------
[debug] 
[debug] > command requires scopes: ["email","openid","https://www.googleapis.com/auth/cloudplatformprojects.readonly","https://www.googleapis.com/auth/firebase","https://www.googleapis.com/auth/cloud-platform"]
[debug] > refreshing access token with scopes: ["email","https://www.googleapis.com/auth/cloud-platform","https://www.googleapis.com/auth/cloudplatformprojects.readonly","https://www.googleapis.com/auth/firebase","openid"]
[debug] >>> HTTP REQUEST POST https://www.googleapis.com/oauth2/v3/token { refresh_token: '1/0WIEb3CuL6PxD35DUgYA2EjSOmuF_aWgCtRLCDjJvt8',
  client_id: '563584335869-fgrhgmd47bqnekij5i8b5pr03ho849e6.apps.googleusercontent.com',
  client_secret: 'j9iVZfS8kkCEFUPaAeJV0sAi',
  grant_type: 'refresh_token',
  scope: 'email https://www.googleapis.com/auth/cloud-platform https://www.googleapis.com/auth/cloudplatformprojects.readonly https://www.googleapis.com/auth/firebase openid' } 
 Thu Mar 30 2017 15:46:07 GMT+0300 (Финляндия (лето))
[debug] <<< HTTP RESPONSE 200
[debug] >>> HTTP REQUEST GET https://admin.firebase.com/v1/projects/when-release  
 Thu Mar 30 2017 15:46:07 GMT+0300 (Финляндия (лето))
[debug] <<< HTTP RESPONSE 200
[debug] >>> HTTP REQUEST GET https://admin.firebase.com/v1/database/when-release/tokens  
 Thu Mar 30 2017 15:46:08 GMT+0300 (Финляндия (лето))
[debug] <<< HTTP RESPONSE 200
[info] 
[info] === Deploying to 'when-release'...
[info] 
[info] i  deploying database, functions, hosting
[info] +  database: rules ready to deploy.
[debug] > [functions] package.json contents: {
  "name": "functions",
  "description": "Cloud Functions for Firebase",
  "dependencies": {
    "firebase-admin": "^4.1.2",
    "firebase-functions": "^0.5"
  },
  "private": true
}
[info] i  functions: ensuring necessary APIs are enabled...
[info] i  runtimeconfig: ensuring necessary APIs are enabled...
[debug] >>> HTTP REQUEST GET https://servicemanagement.googleapis.com/v1/services/cloudfunctions.googleapis.com/projectSettings/when-release?view=CONSUMER_VIEW  
 Thu Mar 30 2017 15:46:11 GMT+0300 (Финляндия (лето))
[debug] >>> HTTP REQUEST GET https://servicemanagement.googleapis.com/v1/services/runtimeconfig.googleapis.com/projectSettings/when-release?view=CONSUMER_VIEW  
 Thu Mar 30 2017 15:46:11 GMT+0300 (Финляндия (лето))
[debug] <<< HTTP RESPONSE 200
[info] +  functions: all necessary APIs are enabled
[debug] <<< HTTP RESPONSE 200
[info] +  runtimeconfig: all necessary APIs are enabled
[debug] >>> HTTP REQUEST GET https://appengine.googleapis.com/v1/apps/when-release  
 Thu Mar 30 2017 15:46:12 GMT+0300 (Финляндия (лето))
[debug] >>> HTTP REQUEST GET https://apikeys.googleapis.com/v1/projects/when-release/apiKeys  
 Thu Mar 30 2017 15:46:12 GMT+0300 (Финляндия (лето))
[debug] <<< HTTP RESPONSE 200
[debug] <<< HTTP RESPONSE 200
